<?xml version="1.0" encoding="UTF-8"?>
<!-- Generated by org.testng.reporters.JUnitReportReporter -->
<testsuite skipped="0" hostname="admin-PC" name="Resources.FirstE2EProject.VerifyTitle" tests="1" failures="0" timestamp="19 Apr 2020 07:49:03 GMT" time="12.403" errors="0">
  <testcase name="titleexecution" time="12.403" classname="Resources.FirstE2EProject.VerifyTitle"/>
</testsuite> <!-- Resources.FirstE2EProject.VerifyTitle -->
