<?xml version="1.0" encoding="UTF-8"?>
<!-- Generated by org.testng.reporters.JUnitReportReporter -->
<testsuite skipped="0" hostname="admin-PC" name="Resources.FirstE2EProject.ExecutionClass" tests="1" failures="0" timestamp="14 Apr 2020 05:46:55 GMT" time="20.398" errors="0">
  <testcase name="Executionmethod" time="20.398" classname="Resources.FirstE2EProject.ExecutionClass"/>
</testsuite> <!-- Resources.FirstE2EProject.ExecutionClass -->
