<?xml version="1.0" encoding="UTF-8"?>
<!-- Generated by org.testng.reporters.JUnitReportReporter -->
<testsuite skipped="0" hostname="admin-PC" name="Resources.FirstE2EProject.verifyBar" tests="1" failures="0" timestamp="19 Apr 2020 07:49:03 GMT" time="7.219" errors="0">
  <testcase name="Barexecution" time="7.219" classname="Resources.FirstE2EProject.verifyBar"/>
</testsuite> <!-- Resources.FirstE2EProject.verifyBar -->
