<?xml version="1.0" encoding="UTF-8"?>
<!-- Generated by org.testng.reporters.JUnitReportReporter -->
<testsuite skipped="0" hostname="admin-PC" name="Resources.FirstE2EProject.testRunnerE2E" tests="1" failures="0" timestamp="19 Apr 2020 08:21:41 GMT" time="55.852" errors="0">
  <testcase name="feature" time="55.852" classname="Resources.FirstE2EProject.testRunnerE2E"/>
</testsuite> <!-- Resources.FirstE2EProject.testRunnerE2E -->
