<?xml version="1.0" encoding="UTF-8"?>
<!-- Generated by org.testng.reporters.JUnitReportReporter -->
<testsuite skipped="0" hostname="admin-PC" name="Resources.FirstE2EProject.verifylogin" tests="1" failures="0" timestamp="14 Apr 2020 16:37:05 GMT" time="23.031" errors="0">
  <testcase name="loginexecution" time="23.031" classname="Resources.FirstE2EProject.verifylogin"/>
</testsuite> <!-- Resources.FirstE2EProject.verifylogin -->
