<?xml version="1.0" encoding="UTF-8"?>
<!-- Generated by org.testng.reporters.JUnitReportReporter -->
<testsuite skipped="0" hostname="admin-PC" name="Resources.FirstE2EProject.ExecutionClass" tests="1" failures="0" timestamp="14 Apr 2020 09:22:43 GMT" time="22.504" errors="0">
  <testcase name="Executionmethod" time="22.504" classname="Resources.FirstE2EProject.ExecutionClass"/>
</testsuite> <!-- Resources.FirstE2EProject.ExecutionClass -->
