<?xml version="1.0" encoding="UTF-8"?>
<!-- Generated by org.testng.reporters.JUnitReportReporter -->
<testsuite skipped="0" hostname="admin-PC" name="Resources.FirstE2EProject.verifyBar" tests="1" failures="0" timestamp="14 Apr 2020 16:37:05 GMT" time="7.711" errors="0">
  <testcase name="Barexecution" time="7.711" classname="Resources.FirstE2EProject.verifyBar"/>
</testsuite> <!-- Resources.FirstE2EProject.verifyBar -->
